2023-02-15 16:18:05 | Ok      |       | Info - CheckPHPVersion | SetupLog |||
2023-02-15 16:18:05 | Ok      |       | Info - php.ini file(s): '/Applications/XAMPP/xamppfiles/etc/php.ini' | SetupLog |||
2023-02-15 16:18:05 | Ok      |       | Info - Temporary directory for files upload (/Applications/XAMPP/xamppfiles/temp/) is writable. | SetupLog |||
2023-02-15 16:18:05 | Ok      |       | Info - upload_max_filesize: 40M | SetupLog |||
2023-02-15 16:18:05 | Ok      |       | Info - post_max_size: 40M | SetupLog |||
2023-02-15 16:18:05 | Ok      |       | Info - max_file_uploads: 20 | SetupLog |||
2023-02-15 16:18:05 | Ok      |       | Info - memory_limit is 512M, ok. | SetupLog |||
2023-02-15 16:18:05 | Ok      |       | Info - session.save_path is: '/Applications/XAMPP/xamppfiles/temp/'. | SetupLog |||
2023-02-15 16:18:05 | Warning |       | The current PHP Version (8.0.25) is not yet validated by Combodo. You may experience some incompatibility issues. | SetupLog |||
2023-02-15 16:18:05 | Warning |       | post_max_size (40M) in php.ini should be strictly greater than upload_max_filesize (40M) otherwise you cannot upload files of the maximum size. | SetupLog |||
2023-02-15 16:18:05 | Ok      |       | The current PHP Version (8.0.25) is greater than the minimum version required to run iTop, which is (7.1.3) | SetupLog |||
2023-02-15 16:18:05 | Ok      |       | The current PHP Version (8.0.25) is greater than the minimum version required to run next iTop major release, which is (7.4.0) | SetupLog |||
2023-02-15 16:18:05 | Ok      |       | Required PHP extension(s): dom, fileinfo, gd, hash, iconv, json, mbstring, mysqli, pcre, session, simplexml, soap, zip, zlib. | SetupLog |||
2023-02-15 16:18:05 | Ok      |       | Optional PHP extension(s): curl, ldap, openssl. | SetupLog |||
2023-02-15 16:18:05 | Ok      |       | Loaded php.ini files: /Applications/XAMPP/xamppfiles/etc/php.ini | SetupLog |||
2023-02-15 16:18:05 | Ok      |       | The value for session.save_path (/Applications/XAMPP/xamppfiles/temp/) is writable for the web server. | SetupLog |||
2023-02-15 16:18:19 | Ok      |       | Info - CheckBackupPrerequisites | SetupLog |||
2023-02-15 16:18:19 | Ok      |       | Info - PHP functions disabled:  | SetupLog |||
2023-02-15 16:18:19 | Ok      |       | Info - mysqldump -V said: sh: mysqldump: command not found | SetupLog |||
2023-02-15 16:18:19 | Info    |       | operation 'async_action', peak memory usage. 19232624 | SetupLog |||
2023-02-15 16:18:32 | Info    |       | operation 'async_action', peak memory usage. 18341440 | SetupLog |||
2023-02-15 16:18:37 | Info    |       | operation 'async_action', peak memory usage. 18342112 | SetupLog |||
2023-02-15 16:18:38 | Info    |       | operation 'async_action', peak memory usage. 18341496 | SetupLog |||
2023-02-15 16:18:39 | Info    |       | operation 'async_action', peak memory usage. 18341488 | SetupLog |||
2023-02-15 16:19:58 | Info    |       | operation 'async_action', peak memory usage. 18341440 | SetupLog |||
2023-02-15 16:20:00 | Info    |       | operation 'async_action', peak memory usage. 18342112 | SetupLog |||
2023-02-15 16:20:01 | Info    |       | operation 'async_action', peak memory usage. 18342112 | SetupLog |||
2023-02-15 16:20:02 | Info    |       | operation 'async_action', peak memory usage. 18341488 | SetupLog |||
2023-02-15 16:20:03 | Info    |       | operation 'async_action', peak memory usage. 18341488 | SetupLog |||
2023-02-15 16:20:06 | Info    |       | operation 'async_action', peak memory usage. 18339520 | SetupLog |||
2023-02-15 16:20:12 | Info    |       | operation 'async_action', peak memory usage. 18339568 | SetupLog |||
2023-02-15 16:21:12 | Info    |       | operation 'async_action', peak memory usage. 18341440 | SetupLog |||
2023-02-15 16:21:15 | Info    |       | operation 'async_action', peak memory usage. 18341488 | SetupLog |||
2023-02-15 16:21:16 | Info    |       | operation 'async_action', peak memory usage. 18341488 | SetupLog |||
2023-02-15 16:21:18 | Info    |       | operation 'async_action', peak memory usage. 18339520 | SetupLog |||
2023-02-15 16:21:22 | Info    |       | operation 'async_action', peak memory usage. 18339568 | SetupLog |||
2023-02-15 16:21:52 | Info    |       | operation 'async_action', peak memory usage. 18341440 | SetupLog |||
2023-02-15 16:21:54 | Info    |       | operation 'async_action', peak memory usage. 18342112 | SetupLog |||
2023-02-15 16:21:57 | Info    |       | operation 'async_action', peak memory usage. 18341488 | SetupLog |||
2023-02-15 16:21:57 | Info    |       | operation 'async_action', peak memory usage. 18341488 | SetupLog |||
2023-02-15 16:22:00 | Info    |       | operation 'async_action', peak memory usage. 18339008 | SetupLog |||
2023-02-15 16:22:02 | Info    |       | operation 'async_action', peak memory usage. 18339056 | SetupLog |||
2023-02-15 16:24:24 | Info    |       | operation 'async_action', peak memory usage. 18339056 | SetupLog |||
2023-02-15 16:24:52 | Info    |       | operation 'async_action', peak memory usage. 18339056 | SetupLog |||
2023-02-15 16:25:04 | Info    |       | operation 'async_action', peak memory usage. 18341600 | SetupLog |||
2023-02-15 16:25:04 | Info    |       | operation 'async_action', peak memory usage. 18341600 | SetupLog |||
2023-02-15 16:25:07 | Info    |       | operation 'async_action', peak memory usage. 18339184 | SetupLog |||
2023-02-15 16:25:08 | Info    |       | operation 'async_action', peak memory usage. 18339184 | SetupLog |||
2023-02-15 16:26:30 | Info    |       | operation 'async_action', peak memory usage. 18339184 | SetupLog |||
2023-02-15 16:27:25 | Info    |       | operation 'async_action', peak memory usage. 18339056 | SetupLog |||
2023-02-15 16:28:05 | Info    |       | operation 'async_action', peak memory usage. 18334080 | SetupLog |||
2023-02-15 16:28:34 | Info    |       | operation 'async_action', peak memory usage. 18334080 | SetupLog |||
2023-02-15 16:29:30 | Info    |       | ##### STEP  start | SetupLog |||
2023-02-15 16:29:30 | Info    |       | ----> Entering read only mode | SetupLog |||
2023-02-15 16:29:30 | Info    |       | ======= Installation starts =======
Parameters:
<?xml version="1.0" encoding="UTF-8"?>
<installation>
  <mode>install</mode>
  <preinstall>
    <copies type="array"/>
  </preinstall>
  <source_dir>datamodels/2.x/</source_dir>
  <datamodel_version>3.0.2</datamodel_version>
  <previous_configuration_file></previous_configuration_file>
  <extensions_dir>extensions</extensions_dir>
  <target_env>production</target_env>
  <workspace_dir></workspace_dir>
  <database>
    <server>localhost</server>
    <user>anamaria</user>
    <pwd>**removed**</pwd>
    <name>Comp6_itop</name>
    <db_tls_enabled></db_tls_enabled>
    <db_tls_ca></db_tls_ca>
    <prefix></prefix>
  </database>
  <url>http://localhost/MIS-platform/tools/itop/web/</url>
  <graphviz_path>/usr/bin/dot</graphviz_path>
  <admin_account>
    <user>anamaria</user>
    <pwd>**removed**</pwd>
    <language>EN US</language>
  </admin_account>
  <language>EN US</language>
  <selected_modules type="array">
    <item>authent-cas</item>
    <item>authent-external</item>
    <item>authent-ldap</item>
    <item>authent-local</item>
    <item>combodo-backoffice-darkmoon-theme</item>
    <item>itop-backup</item>
    <item>itop-config</item>
    <item>itop-files-information</item>
    <item>itop-portal-base</item>
    <item>itop-profiles-itil</item>
    <item>itop-sla-computation</item>
    <item>itop-structure</item>
    <item>itop-welcome-itil</item>
    <item>itop-config-mgmt</item>
    <item>itop-attachments</item>
    <item>itop-tickets</item>
    <item>combodo-db-tools</item>
    <item>combodo-webhook-integration</item>
    <item>itop-core-update</item>
    <item>itop-hub-connector</item>
    <item>itop-oauth-client</item>
    <item>itop-themes-compat</item>
    <item>itop-datacenter-mgmt</item>
    <item>itop-endusers-devices</item>
    <item>itop-storage-mgmt</item>
    <item>itop-virtualization-mgmt</item>
    <item>itop-bridge-virtualization-storage</item>
    <item>itop-service-mgmt</item>
    <item>itop-bridge-cmdb-ticket</item>
    <item>itop-request-mgmt</item>
    <item>itop-portal</item>
    <item>itop-change-mgmt-itil</item>
    <item>itop-faq-light</item>
    <item>itop-knownerror-mgmt</item>
    <item>itop-problem-mgmt</item>
  </selected_modules>
  <selected_extensions type="array">
    <item>itop-config-mgmt-core</item>
    <item>itop-config-mgmt-datacenter</item>
    <item>itop-config-mgmt-end-user</item>
    <item>itop-config-mgmt-storage</item>
    <item>itop-config-mgmt-virtualization</item>
    <item>itop-service-mgmt-enterprise</item>
    <item>itop-ticket-mgmt-simple-ticket</item>
    <item>itop-ticket-mgmt-simple-ticket-enhanced-portal</item>
    <item>itop-change-mgmt-itil</item>
    <item>itop-kown-error-mgmt</item>
    <item>itop-problem-mgmt</item>
  </selected_extensions>
  <sample_data>1</sample_data>
  <old_addon></old_addon>
  <options type="array"/>
  <mysql_bindir></mysql_bindir>
</installation>

 | SetupLog |||
2023-02-15 16:29:30 | Info    |       | ##### STEP  duration: 0.03s | SetupLog |||
2023-02-15 16:29:30 | Info    |       | operation 'async_action', peak memory usage. 18424272 | SetupLog |||
2023-02-15 16:29:31 | Info    |       | ##### STEP copy start | SetupLog |||
2023-02-15 16:29:31 | Info    |       | ##### STEP copy duration: 0.03s | SetupLog |||
2023-02-15 16:29:31 | Info    |       | operation 'async_action', peak memory usage. 18422416 | SetupLog |||
2023-02-15 16:29:31 | Info    |       | ##### STEP compile start | SetupLog |||
2023-02-15 16:29:31 | Info    |       | Compiling data model. | SetupLog |||
2023-02-15 16:29:31 | Info    |       | ----> Entering maintenance mode | SetupLog |||
2023-02-15 16:29:32 | Error   |       | An exception occurred: Attempting to delete directory: '' at line 716 in file /Applications/XAMPP/xamppfiles/htdocs/MIS-platform/tools/iTop/web/setup/setuputils.class.inc.php | SetupLog |||
2023-02-15 16:29:32 | Ok      |       | Call stack: | SetupLog |||
2023-02-15 16:29:32 | Ok      |       | #0 /Applications/XAMPP/xamppfiles/htdocs/MIS-platform/tools/iTop/web/setup/compiler.class.inc.php(284): SetupUtils::rrmdir(...) | SetupLog |||
2023-02-15 16:29:32 | Ok      |       | #1 /Applications/XAMPP/xamppfiles/htdocs/MIS-platform/tools/iTop/web/setup/applicationinstaller.class.inc.php(619): MFCompiler->Compile(...) | SetupLog |||
2023-02-15 16:29:32 | Ok      |       | #2 /Applications/XAMPP/xamppfiles/htdocs/MIS-platform/tools/iTop/web/setup/applicationinstaller.class.inc.php(289): ApplicationInstaller::DoCompile(...) | SetupLog |||
2023-02-15 16:29:32 | Ok      |       | #3 /Applications/XAMPP/xamppfiles/htdocs/MIS-platform/tools/iTop/web/setup/wizardsteps.class.inc.php(2468): ApplicationInstaller->ExecuteStep(...) | SetupLog |||
2023-02-15 16:29:32 | Ok      |       | #4 /Applications/XAMPP/xamppfiles/htdocs/MIS-platform/tools/itop/web/setup/ajax.dataloader.php(173): WizStepSummary->AsyncAction(...) | SetupLog |||
2023-02-15 16:29:32 | Info    |       | ##### STEP compile duration: 1.56s | SetupLog |||
2023-02-15 16:29:32 | Info    |       | operation 'async_action', peak memory usage. 39743344 | SetupLog |||
2023-02-15 16:33:55 | Info    |       | ##### STEP  start | SetupLog |||
2023-02-15 16:33:55 | Info    |       | ======= Installation starts =======
Parameters:
<?xml version="1.0" encoding="UTF-8"?>
<installation>
  <mode>install</mode>
  <preinstall>
    <copies type="array"/>
  </preinstall>
  <source_dir>datamodels/2.x/</source_dir>
  <datamodel_version>3.0.2</datamodel_version>
  <previous_configuration_file></previous_configuration_file>
  <extensions_dir>extensions</extensions_dir>
  <target_env>production</target_env>
  <workspace_dir></workspace_dir>
  <database>
    <server>localhost</server>
    <user>anamaria</user>
    <pwd>**removed**</pwd>
    <name>Comp6_itop</name>
    <db_tls_enabled></db_tls_enabled>
    <db_tls_ca></db_tls_ca>
    <prefix></prefix>
  </database>
  <url>http://localhost/MIS-platform/tools/itop/web/</url>
  <graphviz_path>/usr/bin/dot</graphviz_path>
  <admin_account>
    <user>anamaria</user>
    <pwd>**removed**</pwd>
    <language>EN US</language>
  </admin_account>
  <language>EN US</language>
  <selected_modules type="array">
    <item>authent-cas</item>
    <item>authent-external</item>
    <item>authent-ldap</item>
    <item>authent-local</item>
    <item>combodo-backoffice-darkmoon-theme</item>
    <item>itop-backup</item>
    <item>itop-config</item>
    <item>itop-files-information</item>
    <item>itop-portal-base</item>
    <item>itop-profiles-itil</item>
    <item>itop-sla-computation</item>
    <item>itop-structure</item>
    <item>itop-welcome-itil</item>
    <item>itop-config-mgmt</item>
    <item>itop-attachments</item>
    <item>itop-tickets</item>
    <item>combodo-db-tools</item>
    <item>combodo-webhook-integration</item>
    <item>itop-core-update</item>
    <item>itop-hub-connector</item>
    <item>itop-oauth-client</item>
    <item>itop-themes-compat</item>
    <item>itop-datacenter-mgmt</item>
    <item>itop-endusers-devices</item>
    <item>itop-storage-mgmt</item>
    <item>itop-virtualization-mgmt</item>
    <item>itop-bridge-virtualization-storage</item>
    <item>itop-service-mgmt</item>
    <item>itop-bridge-cmdb-ticket</item>
    <item>itop-request-mgmt</item>
    <item>itop-portal</item>
    <item>itop-change-mgmt-itil</item>
    <item>itop-faq-light</item>
    <item>itop-knownerror-mgmt</item>
    <item>itop-problem-mgmt</item>
  </selected_modules>
  <selected_extensions type="array">
    <item>itop-config-mgmt-core</item>
    <item>itop-config-mgmt-datacenter</item>
    <item>itop-config-mgmt-end-user</item>
    <item>itop-config-mgmt-storage</item>
    <item>itop-config-mgmt-virtualization</item>
    <item>itop-service-mgmt-enterprise</item>
    <item>itop-ticket-mgmt-simple-ticket</item>
    <item>itop-ticket-mgmt-simple-ticket-enhanced-portal</item>
    <item>itop-change-mgmt-itil</item>
    <item>itop-kown-error-mgmt</item>
    <item>itop-problem-mgmt</item>
  </selected_extensions>
  <sample_data>1</sample_data>
  <old_addon></old_addon>
  <options type="array"/>
  <mysql_bindir></mysql_bindir>
</installation>

 | SetupLog |||
2023-02-15 16:33:55 | Info    |       | ##### STEP  duration: 0.03s | SetupLog |||
2023-02-15 16:33:55 | Info    |       | operation 'async_action', peak memory usage. 18422504 | SetupLog |||
2023-02-15 16:33:55 | Info    |       | ##### STEP copy start | SetupLog |||
2023-02-15 16:33:55 | Info    |       | ##### STEP copy duration: 0.03s | SetupLog |||
2023-02-15 16:33:55 | Info    |       | operation 'async_action', peak memory usage. 18422528 | SetupLog |||
2023-02-15 16:33:55 | Info    |       | ##### STEP compile start | SetupLog |||
2023-02-15 16:33:55 | Info    |       | Compiling data model. | SetupLog |||
2023-02-15 16:33:57 | Error   |       | An exception occurred: Attempting to delete directory: '' at line 716 in file /Applications/XAMPP/xamppfiles/htdocs/MIS-platform/tools/iTop/web/setup/setuputils.class.inc.php | SetupLog |||
2023-02-15 16:33:57 | Ok      |       | Call stack: | SetupLog |||
2023-02-15 16:33:57 | Ok      |       | #0 /Applications/XAMPP/xamppfiles/htdocs/MIS-platform/tools/iTop/web/setup/compiler.class.inc.php(284): SetupUtils::rrmdir(...) | SetupLog |||
2023-02-15 16:33:57 | Ok      |       | #1 /Applications/XAMPP/xamppfiles/htdocs/MIS-platform/tools/iTop/web/setup/applicationinstaller.class.inc.php(619): MFCompiler->Compile(...) | SetupLog |||
2023-02-15 16:33:57 | Ok      |       | #2 /Applications/XAMPP/xamppfiles/htdocs/MIS-platform/tools/iTop/web/setup/applicationinstaller.class.inc.php(289): ApplicationInstaller::DoCompile(...) | SetupLog |||
2023-02-15 16:33:57 | Ok      |       | #3 /Applications/XAMPP/xamppfiles/htdocs/MIS-platform/tools/iTop/web/setup/wizardsteps.class.inc.php(2468): ApplicationInstaller->ExecuteStep(...) | SetupLog |||
2023-02-15 16:33:57 | Ok      |       | #4 /Applications/XAMPP/xamppfiles/htdocs/MIS-platform/tools/itop/web/setup/ajax.dataloader.php(173): WizStepSummary->AsyncAction(...) | SetupLog |||
2023-02-15 16:33:57 | Info    |       | ##### STEP compile duration: 1.48s | SetupLog |||
2023-02-15 16:33:57 | Info    |       | operation 'async_action', peak memory usage. 39743216 | SetupLog |||
2023-02-15 16:34:26 | Info    |       | ##### STEP  start | SetupLog |||
2023-02-15 16:34:26 | Info    |       | ======= Installation starts =======
Parameters:
<?xml version="1.0" encoding="UTF-8"?>
<installation>
  <mode>install</mode>
  <preinstall>
    <copies type="array"/>
  </preinstall>
  <source_dir>datamodels/2.x/</source_dir>
  <datamodel_version>3.0.2</datamodel_version>
  <previous_configuration_file></previous_configuration_file>
  <extensions_dir>extensions</extensions_dir>
  <target_env>production</target_env>
  <workspace_dir></workspace_dir>
  <database>
    <server>localhost</server>
    <user>anamaria</user>
    <pwd>**removed**</pwd>
    <name>Comp6_itop</name>
    <db_tls_enabled></db_tls_enabled>
    <db_tls_ca></db_tls_ca>
    <prefix></prefix>
  </database>
  <url>http://localhost/MIS-platform/tools/itop/web/</url>
  <graphviz_path>/usr/bin/dot</graphviz_path>
  <admin_account>
    <user>anamaria</user>
    <pwd>**removed**</pwd>
    <language>EN US</language>
  </admin_account>
  <language>EN US</language>
  <selected_modules type="array">
    <item>authent-cas</item>
    <item>authent-external</item>
    <item>authent-ldap</item>
    <item>authent-local</item>
    <item>combodo-backoffice-darkmoon-theme</item>
    <item>itop-backup</item>
    <item>itop-config</item>
    <item>itop-files-information</item>
    <item>itop-portal-base</item>
    <item>itop-profiles-itil</item>
    <item>itop-sla-computation</item>
    <item>itop-structure</item>
    <item>itop-welcome-itil</item>
    <item>itop-config-mgmt</item>
    <item>itop-attachments</item>
    <item>itop-tickets</item>
    <item>combodo-db-tools</item>
    <item>combodo-webhook-integration</item>
    <item>itop-core-update</item>
    <item>itop-hub-connector</item>
    <item>itop-oauth-client</item>
    <item>itop-themes-compat</item>
    <item>itop-datacenter-mgmt</item>
    <item>itop-endusers-devices</item>
    <item>itop-storage-mgmt</item>
    <item>itop-virtualization-mgmt</item>
    <item>itop-bridge-virtualization-storage</item>
    <item>itop-service-mgmt</item>
    <item>itop-bridge-cmdb-ticket</item>
    <item>itop-request-mgmt</item>
    <item>itop-portal</item>
    <item>itop-change-mgmt-itil</item>
    <item>itop-faq-light</item>
    <item>itop-knownerror-mgmt</item>
    <item>itop-problem-mgmt</item>
  </selected_modules>
  <selected_extensions type="array">
    <item>itop-config-mgmt-core</item>
    <item>itop-config-mgmt-datacenter</item>
    <item>itop-config-mgmt-end-user</item>
    <item>itop-config-mgmt-storage</item>
    <item>itop-config-mgmt-virtualization</item>
    <item>itop-service-mgmt-enterprise</item>
    <item>itop-ticket-mgmt-simple-ticket</item>
    <item>itop-ticket-mgmt-simple-ticket-enhanced-portal</item>
    <item>itop-change-mgmt-itil</item>
    <item>itop-kown-error-mgmt</item>
    <item>itop-problem-mgmt</item>
  </selected_extensions>
  <sample_data>1</sample_data>
  <old_addon></old_addon>
  <options type="array"/>
  <mysql_bindir></mysql_bindir>
</installation>

 | SetupLog |||
2023-02-15 16:34:26 | Info    |       | ##### STEP  duration: 0.03s | SetupLog |||
2023-02-15 16:34:26 | Info    |       | operation 'async_action', peak memory usage. 18422496 | SetupLog |||
2023-02-15 16:34:26 | Info    |       | ##### STEP copy start | SetupLog |||
2023-02-15 16:34:26 | Info    |       | ##### STEP copy duration: 0.03s | SetupLog |||
2023-02-15 16:34:26 | Info    |       | operation 'async_action', peak memory usage. 18422528 | SetupLog |||
2023-02-15 16:34:26 | Info    |       | ##### STEP compile start | SetupLog |||
2023-02-15 16:34:26 | Info    |       | Compiling data model. | SetupLog |||
2023-02-15 16:34:28 | Error   |       | An exception occurred: Attempting to delete directory: '' at line 716 in file /Applications/XAMPP/xamppfiles/htdocs/MIS-platform/tools/iTop/web/setup/setuputils.class.inc.php | SetupLog |||
2023-02-15 16:34:28 | Ok      |       | Call stack: | SetupLog |||
2023-02-15 16:34:28 | Ok      |       | #0 /Applications/XAMPP/xamppfiles/htdocs/MIS-platform/tools/iTop/web/setup/compiler.class.inc.php(284): SetupUtils::rrmdir(...) | SetupLog |||
2023-02-15 16:34:28 | Ok      |       | #1 /Applications/XAMPP/xamppfiles/htdocs/MIS-platform/tools/iTop/web/setup/applicationinstaller.class.inc.php(619): MFCompiler->Compile(...) | SetupLog |||
2023-02-15 16:34:28 | Ok      |       | #2 /Applications/XAMPP/xamppfiles/htdocs/MIS-platform/tools/iTop/web/setup/applicationinstaller.class.inc.php(289): ApplicationInstaller::DoCompile(...) | SetupLog |||
2023-02-15 16:34:28 | Ok      |       | #3 /Applications/XAMPP/xamppfiles/htdocs/MIS-platform/tools/iTop/web/setup/wizardsteps.class.inc.php(2468): ApplicationInstaller->ExecuteStep(...) | SetupLog |||
2023-02-15 16:34:28 | Ok      |       | #4 /Applications/XAMPP/xamppfiles/htdocs/MIS-platform/tools/itop/web/setup/ajax.dataloader.php(173): WizStepSummary->AsyncAction(...) | SetupLog |||
2023-02-15 16:34:28 | Info    |       | ##### STEP compile duration: 1.25s | SetupLog |||
2023-02-15 16:34:28 | Info    |       | operation 'async_action', peak memory usage. 39743216 | SetupLog |||
2023-02-15 16:36:19 | Info    |       | ##### STEP  start | SetupLog |||
2023-02-15 16:36:19 | Info    |       | ======= Installation starts =======
Parameters:
<?xml version="1.0" encoding="UTF-8"?>
<installation>
  <mode>install</mode>
  <preinstall>
    <copies type="array"/>
  </preinstall>
  <source_dir>datamodels/2.x/</source_dir>
  <datamodel_version>3.0.2</datamodel_version>
  <previous_configuration_file></previous_configuration_file>
  <extensions_dir>extensions</extensions_dir>
  <target_env>production</target_env>
  <workspace_dir></workspace_dir>
  <database>
    <server>localhost</server>
    <user>anamaria</user>
    <pwd>**removed**</pwd>
    <name>Comp6_itop</name>
    <db_tls_enabled></db_tls_enabled>
    <db_tls_ca></db_tls_ca>
    <prefix></prefix>
  </database>
  <url>http://localhost/MIS-platform/tools/itop/web/</url>
  <graphviz_path>/usr/bin/dot</graphviz_path>
  <admin_account>
    <user>anamaria</user>
    <pwd>**removed**</pwd>
    <language>EN US</language>
  </admin_account>
  <language>EN US</language>
  <selected_modules type="array">
    <item>authent-cas</item>
    <item>authent-external</item>
    <item>authent-ldap</item>
    <item>authent-local</item>
    <item>combodo-backoffice-darkmoon-theme</item>
    <item>itop-backup</item>
    <item>itop-config</item>
    <item>itop-files-information</item>
    <item>itop-portal-base</item>
    <item>itop-profiles-itil</item>
    <item>itop-sla-computation</item>
    <item>itop-structure</item>
    <item>itop-welcome-itil</item>
    <item>itop-config-mgmt</item>
    <item>itop-attachments</item>
    <item>itop-tickets</item>
    <item>combodo-db-tools</item>
    <item>combodo-webhook-integration</item>
    <item>itop-core-update</item>
    <item>itop-hub-connector</item>
    <item>itop-oauth-client</item>
    <item>itop-themes-compat</item>
    <item>itop-datacenter-mgmt</item>
    <item>itop-endusers-devices</item>
    <item>itop-storage-mgmt</item>
    <item>itop-virtualization-mgmt</item>
    <item>itop-bridge-virtualization-storage</item>
    <item>itop-service-mgmt</item>
    <item>itop-bridge-cmdb-ticket</item>
    <item>itop-request-mgmt</item>
    <item>itop-portal</item>
    <item>itop-change-mgmt-itil</item>
    <item>itop-faq-light</item>
    <item>itop-knownerror-mgmt</item>
    <item>itop-problem-mgmt</item>
  </selected_modules>
  <selected_extensions type="array">
    <item>itop-config-mgmt-core</item>
    <item>itop-config-mgmt-datacenter</item>
    <item>itop-config-mgmt-end-user</item>
    <item>itop-config-mgmt-storage</item>
    <item>itop-config-mgmt-virtualization</item>
    <item>itop-service-mgmt-enterprise</item>
    <item>itop-ticket-mgmt-simple-ticket</item>
    <item>itop-ticket-mgmt-simple-ticket-enhanced-portal</item>
    <item>itop-change-mgmt-itil</item>
    <item>itop-kown-error-mgmt</item>
    <item>itop-problem-mgmt</item>
  </selected_extensions>
  <sample_data>1</sample_data>
  <old_addon></old_addon>
  <options type="array"/>
  <mysql_bindir></mysql_bindir>
</installation>

 | SetupLog |||
2023-02-15 16:36:19 | Info    |       | ##### STEP  duration: 0.03s | SetupLog |||
2023-02-15 16:36:19 | Info    |       | operation 'async_action', peak memory usage. 18422496 | SetupLog |||
2023-02-15 16:36:19 | Info    |       | ##### STEP copy start | SetupLog |||
2023-02-15 16:36:19 | Info    |       | ##### STEP copy duration: 0.03s | SetupLog |||
2023-02-15 16:36:19 | Info    |       | operation 'async_action', peak memory usage. 18422528 | SetupLog |||
2023-02-15 16:36:19 | Info    |       | ##### STEP compile start | SetupLog |||
2023-02-15 16:36:19 | Info    |       | Compiling data model. | SetupLog |||
2023-02-15 16:36:21 | Error   |       | An exception occurred: Attempting to delete directory: '' at line 716 in file /Applications/XAMPP/xamppfiles/htdocs/MIS-platform/tools/iTop/web/setup/setuputils.class.inc.php | SetupLog |||
2023-02-15 16:36:21 | Ok      |       | Call stack: | SetupLog |||
2023-02-15 16:36:21 | Ok      |       | #0 /Applications/XAMPP/xamppfiles/htdocs/MIS-platform/tools/iTop/web/setup/compiler.class.inc.php(284): SetupUtils::rrmdir(...) | SetupLog |||
2023-02-15 16:36:21 | Ok      |       | #1 /Applications/XAMPP/xamppfiles/htdocs/MIS-platform/tools/iTop/web/setup/applicationinstaller.class.inc.php(619): MFCompiler->Compile(...) | SetupLog |||
2023-02-15 16:36:21 | Ok      |       | #2 /Applications/XAMPP/xamppfiles/htdocs/MIS-platform/tools/iTop/web/setup/applicationinstaller.class.inc.php(289): ApplicationInstaller::DoCompile(...) | SetupLog |||
2023-02-15 16:36:21 | Ok      |       | #3 /Applications/XAMPP/xamppfiles/htdocs/MIS-platform/tools/iTop/web/setup/wizardsteps.class.inc.php(2468): ApplicationInstaller->ExecuteStep(...) | SetupLog |||
2023-02-15 16:36:21 | Ok      |       | #4 /Applications/XAMPP/xamppfiles/htdocs/MIS-platform/tools/itop/web/setup/ajax.dataloader.php(173): WizStepSummary->AsyncAction(...) | SetupLog |||
2023-02-15 16:36:21 | Info    |       | ##### STEP compile duration: 1.44s | SetupLog |||
2023-02-15 16:36:21 | Info    |       | operation 'async_action', peak memory usage. 39743216 | SetupLog |||
2023-02-15 16:37:18 | Info    |       | ##### STEP  start | SetupLog |||
2023-02-15 16:37:18 | Info    |       | ======= Installation starts =======
Parameters:
<?xml version="1.0" encoding="UTF-8"?>
<installation>
  <mode>install</mode>
  <preinstall>
    <copies type="array"/>
  </preinstall>
  <source_dir>datamodels/2.x/</source_dir>
  <datamodel_version>3.0.2</datamodel_version>
  <previous_configuration_file></previous_configuration_file>
  <extensions_dir>extensions</extensions_dir>
  <target_env>production</target_env>
  <workspace_dir></workspace_dir>
  <database>
    <server>localhost</server>
    <user>anamaria</user>
    <pwd>**removed**</pwd>
    <name>Comp6_itop</name>
    <db_tls_enabled></db_tls_enabled>
    <db_tls_ca></db_tls_ca>
    <prefix></prefix>
  </database>
  <url>http://localhost/MIS-platform/tools/itop/web/</url>
  <graphviz_path>/usr/bin/dot</graphviz_path>
  <admin_account>
    <user>anamaria</user>
    <pwd>**removed**</pwd>
    <language>EN US</language>
  </admin_account>
  <language>EN US</language>
  <selected_modules type="array">
    <item>authent-cas</item>
    <item>authent-external</item>
    <item>authent-ldap</item>
    <item>authent-local</item>
    <item>combodo-backoffice-darkmoon-theme</item>
    <item>itop-backup</item>
    <item>itop-config</item>
    <item>itop-files-information</item>
    <item>itop-portal-base</item>
    <item>itop-profiles-itil</item>
    <item>itop-sla-computation</item>
    <item>itop-structure</item>
    <item>itop-welcome-itil</item>
    <item>itop-config-mgmt</item>
    <item>itop-attachments</item>
    <item>itop-tickets</item>
    <item>combodo-db-tools</item>
    <item>combodo-webhook-integration</item>
    <item>itop-core-update</item>
    <item>itop-hub-connector</item>
    <item>itop-oauth-client</item>
    <item>itop-themes-compat</item>
    <item>itop-datacenter-mgmt</item>
    <item>itop-endusers-devices</item>
    <item>itop-storage-mgmt</item>
    <item>itop-virtualization-mgmt</item>
    <item>itop-bridge-virtualization-storage</item>
    <item>itop-service-mgmt</item>
    <item>itop-bridge-cmdb-ticket</item>
    <item>itop-request-mgmt</item>
    <item>itop-portal</item>
    <item>itop-change-mgmt-itil</item>
    <item>itop-faq-light</item>
    <item>itop-knownerror-mgmt</item>
    <item>itop-problem-mgmt</item>
  </selected_modules>
  <selected_extensions type="array">
    <item>itop-config-mgmt-core</item>
    <item>itop-config-mgmt-datacenter</item>
    <item>itop-config-mgmt-end-user</item>
    <item>itop-config-mgmt-storage</item>
    <item>itop-config-mgmt-virtualization</item>
    <item>itop-service-mgmt-enterprise</item>
    <item>itop-ticket-mgmt-simple-ticket</item>
    <item>itop-ticket-mgmt-simple-ticket-enhanced-portal</item>
    <item>itop-change-mgmt-itil</item>
    <item>itop-kown-error-mgmt</item>
    <item>itop-problem-mgmt</item>
  </selected_extensions>
  <sample_data>1</sample_data>
  <old_addon></old_addon>
  <options type="array"/>
  <mysql_bindir></mysql_bindir>
</installation>

 | SetupLog |||
2023-02-15 16:37:18 | Info    |       | ##### STEP  duration: 0.03s | SetupLog |||
2023-02-15 16:37:18 | Info    |       | operation 'async_action', peak memory usage. 18422496 | SetupLog |||
2023-02-15 16:37:18 | Info    |       | ##### STEP copy start | SetupLog |||
2023-02-15 16:37:18 | Info    |       | ##### STEP copy duration: 0.03s | SetupLog |||
2023-02-15 16:37:18 | Info    |       | operation 'async_action', peak memory usage. 18422528 | SetupLog |||
2023-02-15 16:37:19 | Info    |       | ##### STEP compile start | SetupLog |||
2023-02-15 16:37:19 | Info    |       | Compiling data model. | SetupLog |||
2023-02-15 16:37:20 | Error   |       | An exception occurred: Attempting to delete directory: '' at line 716 in file /Applications/XAMPP/xamppfiles/htdocs/MIS-platform/tools/iTop/web/setup/setuputils.class.inc.php | SetupLog |||
2023-02-15 16:37:20 | Ok      |       | Call stack: | SetupLog |||
2023-02-15 16:37:20 | Ok      |       | #0 /Applications/XAMPP/xamppfiles/htdocs/MIS-platform/tools/iTop/web/setup/compiler.class.inc.php(284): SetupUtils::rrmdir(...) | SetupLog |||
2023-02-15 16:37:20 | Ok      |       | #1 /Applications/XAMPP/xamppfiles/htdocs/MIS-platform/tools/iTop/web/setup/applicationinstaller.class.inc.php(619): MFCompiler->Compile(...) | SetupLog |||
2023-02-15 16:37:20 | Ok      |       | #2 /Applications/XAMPP/xamppfiles/htdocs/MIS-platform/tools/iTop/web/setup/applicationinstaller.class.inc.php(289): ApplicationInstaller::DoCompile(...) | SetupLog |||
2023-02-15 16:37:20 | Ok      |       | #3 /Applications/XAMPP/xamppfiles/htdocs/MIS-platform/tools/iTop/web/setup/wizardsteps.class.inc.php(2468): ApplicationInstaller->ExecuteStep(...) | SetupLog |||
2023-02-15 16:37:20 | Ok      |       | #4 /Applications/XAMPP/xamppfiles/htdocs/MIS-platform/tools/itop/web/setup/ajax.dataloader.php(173): WizStepSummary->AsyncAction(...) | SetupLog |||
2023-02-15 16:37:20 | Info    |       | ##### STEP compile duration: 1.51s | SetupLog |||
2023-02-15 16:37:20 | Info    |       | operation 'async_action', peak memory usage. 39743216 | SetupLog |||
2023-02-15 16:47:41 | Info    |       | ##### STEP  start | SetupLog |||
2023-02-15 16:47:41 | Info    |       | ======= Installation starts =======
Parameters:
<?xml version="1.0" encoding="UTF-8"?>
<installation>
  <mode>install</mode>
  <preinstall>
    <copies type="array"/>
  </preinstall>
  <source_dir>datamodels/2.x/</source_dir>
  <datamodel_version>3.0.2</datamodel_version>
  <previous_configuration_file></previous_configuration_file>
  <extensions_dir>extensions</extensions_dir>
  <target_env>production</target_env>
  <workspace_dir></workspace_dir>
  <database>
    <server>localhost</server>
    <user>anamaria</user>
    <pwd>**removed**</pwd>
    <name>Comp6_itop</name>
    <db_tls_enabled></db_tls_enabled>
    <db_tls_ca></db_tls_ca>
    <prefix></prefix>
  </database>
  <url>http://localhost/MIS-platform/tools/itop/web/</url>
  <graphviz_path>/usr/bin/dot</graphviz_path>
  <admin_account>
    <user>anamaria</user>
    <pwd>**removed**</pwd>
    <language>EN US</language>
  </admin_account>
  <language>EN US</language>
  <selected_modules type="array">
    <item>authent-cas</item>
    <item>authent-external</item>
    <item>authent-ldap</item>
    <item>authent-local</item>
    <item>combodo-backoffice-darkmoon-theme</item>
    <item>itop-backup</item>
    <item>itop-config</item>
    <item>itop-files-information</item>
    <item>itop-portal-base</item>
    <item>itop-profiles-itil</item>
    <item>itop-sla-computation</item>
    <item>itop-structure</item>
    <item>itop-welcome-itil</item>
    <item>itop-config-mgmt</item>
    <item>itop-attachments</item>
    <item>itop-tickets</item>
    <item>combodo-db-tools</item>
    <item>combodo-webhook-integration</item>
    <item>itop-core-update</item>
    <item>itop-hub-connector</item>
    <item>itop-oauth-client</item>
    <item>itop-themes-compat</item>
    <item>itop-datacenter-mgmt</item>
    <item>itop-endusers-devices</item>
    <item>itop-storage-mgmt</item>
    <item>itop-virtualization-mgmt</item>
    <item>itop-bridge-virtualization-storage</item>
    <item>itop-service-mgmt</item>
    <item>itop-bridge-cmdb-ticket</item>
    <item>itop-request-mgmt</item>
    <item>itop-portal</item>
    <item>itop-change-mgmt-itil</item>
    <item>itop-faq-light</item>
    <item>itop-knownerror-mgmt</item>
    <item>itop-problem-mgmt</item>
  </selected_modules>
  <selected_extensions type="array">
    <item>itop-config-mgmt-core</item>
    <item>itop-config-mgmt-datacenter</item>
    <item>itop-config-mgmt-end-user</item>
    <item>itop-config-mgmt-storage</item>
    <item>itop-config-mgmt-virtualization</item>
    <item>itop-service-mgmt-enterprise</item>
    <item>itop-ticket-mgmt-simple-ticket</item>
    <item>itop-ticket-mgmt-simple-ticket-enhanced-portal</item>
    <item>itop-change-mgmt-itil</item>
    <item>itop-kown-error-mgmt</item>
    <item>itop-problem-mgmt</item>
  </selected_extensions>
  <sample_data>1</sample_data>
  <old_addon></old_addon>
  <options type="array"/>
  <mysql_bindir></mysql_bindir>
</installation>

 | SetupLog |||
2023-02-15 16:47:41 | Info    |       | ##### STEP  duration: 0.03s | SetupLog |||
2023-02-15 16:47:41 | Info    |       | operation 'async_action', peak memory usage. 18422496 | SetupLog |||
2023-02-15 16:47:41 | Info    |       | ##### STEP copy start | SetupLog |||
2023-02-15 16:47:41 | Info    |       | ##### STEP copy duration: 0.03s | SetupLog |||
2023-02-15 16:47:41 | Info    |       | operation 'async_action', peak memory usage. 18422528 | SetupLog |||
2023-02-15 16:47:41 | Info    |       | ##### STEP compile start | SetupLog |||
2023-02-15 16:47:41 | Info    |       | Compiling data model. | SetupLog |||
2023-02-15 16:47:43 | Error   |       | An exception occurred: Attempting to delete directory: '' at line 716 in file /Applications/XAMPP/xamppfiles/htdocs/MIS-platform/tools/iTop/web/setup/setuputils.class.inc.php | SetupLog |||
2023-02-15 16:47:43 | Ok      |       | Call stack: | SetupLog |||
2023-02-15 16:47:43 | Ok      |       | #0 /Applications/XAMPP/xamppfiles/htdocs/MIS-platform/tools/iTop/web/setup/compiler.class.inc.php(284): SetupUtils::rrmdir(...) | SetupLog |||
2023-02-15 16:47:43 | Ok      |       | #1 /Applications/XAMPP/xamppfiles/htdocs/MIS-platform/tools/iTop/web/setup/applicationinstaller.class.inc.php(619): MFCompiler->Compile(...) | SetupLog |||
2023-02-15 16:47:43 | Ok      |       | #2 /Applications/XAMPP/xamppfiles/htdocs/MIS-platform/tools/iTop/web/setup/applicationinstaller.class.inc.php(289): ApplicationInstaller::DoCompile(...) | SetupLog |||
2023-02-15 16:47:43 | Ok      |       | #3 /Applications/XAMPP/xamppfiles/htdocs/MIS-platform/tools/iTop/web/setup/wizardsteps.class.inc.php(2468): ApplicationInstaller->ExecuteStep(...) | SetupLog |||
2023-02-15 16:47:43 | Ok      |       | #4 /Applications/XAMPP/xamppfiles/htdocs/MIS-platform/tools/itop/web/setup/ajax.dataloader.php(173): WizStepSummary->AsyncAction(...) | SetupLog |||
2023-02-15 16:47:43 | Info    |       | ##### STEP compile duration: 1.41s | SetupLog |||
2023-02-15 16:47:43 | Info    |       | operation 'async_action', peak memory usage. 39743216 | SetupLog |||
2023-02-15 16:49:39 | Info    |       | ##### STEP  start | SetupLog |||
2023-02-15 16:49:39 | Info    |       | ======= Installation starts =======
Parameters:
<?xml version="1.0" encoding="UTF-8"?>
<installation>
  <mode>install</mode>
  <preinstall>
    <copies type="array"/>
  </preinstall>
  <source_dir>datamodels/2.x/</source_dir>
  <datamodel_version>3.0.2</datamodel_version>
  <previous_configuration_file></previous_configuration_file>
  <extensions_dir>extensions</extensions_dir>
  <target_env>production</target_env>
  <workspace_dir></workspace_dir>
  <database>
    <server>localhost</server>
    <user>anamaria</user>
    <pwd>**removed**</pwd>
    <name>Comp6_itop</name>
    <db_tls_enabled></db_tls_enabled>
    <db_tls_ca></db_tls_ca>
    <prefix></prefix>
  </database>
  <url>http://localhost/MIS-platform/tools/itop/web/</url>
  <graphviz_path>/usr/bin/dot</graphviz_path>
  <admin_account>
    <user>anamaria</user>
    <pwd>**removed**</pwd>
    <language>EN US</language>
  </admin_account>
  <language>EN US</language>
  <selected_modules type="array">
    <item>authent-cas</item>
    <item>authent-external</item>
    <item>authent-ldap</item>
    <item>authent-local</item>
    <item>combodo-backoffice-darkmoon-theme</item>
    <item>itop-backup</item>
    <item>itop-config</item>
    <item>itop-files-information</item>
    <item>itop-portal-base</item>
    <item>itop-profiles-itil</item>
    <item>itop-sla-computation</item>
    <item>itop-structure</item>
    <item>itop-welcome-itil</item>
    <item>itop-config-mgmt</item>
    <item>itop-attachments</item>
    <item>itop-tickets</item>
    <item>combodo-db-tools</item>
    <item>combodo-webhook-integration</item>
    <item>itop-core-update</item>
    <item>itop-hub-connector</item>
    <item>itop-oauth-client</item>
    <item>itop-themes-compat</item>
    <item>itop-datacenter-mgmt</item>
    <item>itop-endusers-devices</item>
    <item>itop-storage-mgmt</item>
    <item>itop-virtualization-mgmt</item>
    <item>itop-bridge-virtualization-storage</item>
    <item>itop-service-mgmt</item>
    <item>itop-bridge-cmdb-ticket</item>
    <item>itop-request-mgmt</item>
    <item>itop-portal</item>
    <item>itop-change-mgmt-itil</item>
    <item>itop-faq-light</item>
    <item>itop-knownerror-mgmt</item>
    <item>itop-problem-mgmt</item>
  </selected_modules>
  <selected_extensions type="array">
    <item>itop-config-mgmt-core</item>
    <item>itop-config-mgmt-datacenter</item>
    <item>itop-config-mgmt-end-user</item>
    <item>itop-config-mgmt-storage</item>
    <item>itop-config-mgmt-virtualization</item>
    <item>itop-service-mgmt-enterprise</item>
    <item>itop-ticket-mgmt-simple-ticket</item>
    <item>itop-ticket-mgmt-simple-ticket-enhanced-portal</item>
    <item>itop-change-mgmt-itil</item>
    <item>itop-kown-error-mgmt</item>
    <item>itop-problem-mgmt</item>
  </selected_extensions>
  <sample_data>1</sample_data>
  <old_addon></old_addon>
  <options type="array"/>
  <mysql_bindir></mysql_bindir>
</installation>

 | SetupLog |||
2023-02-15 16:49:39 | Info    |       | ##### STEP  duration: 0.03s | SetupLog |||
2023-02-15 16:49:39 | Info    |       | operation 'async_action', peak memory usage. 18422496 | SetupLog |||
2023-02-15 16:49:39 | Info    |       | ##### STEP copy start | SetupLog |||
2023-02-15 16:49:39 | Info    |       | ##### STEP copy duration: 0.03s | SetupLog |||
2023-02-15 16:49:40 | Info    |       | operation 'async_action', peak memory usage. 18422528 | SetupLog |||
2023-02-15 16:49:40 | Info    |       | ##### STEP compile start | SetupLog |||
2023-02-15 16:49:40 | Info    |       | Compiling data model. | SetupLog |||
2023-02-15 16:49:41 | Error   |       | An exception occurred: Attempting to delete directory: '' at line 716 in file /Applications/XAMPP/xamppfiles/htdocs/MIS-platform/tools/iTop/web/setup/setuputils.class.inc.php | SetupLog |||
2023-02-15 16:49:41 | Ok      |       | Call stack: | SetupLog |||
2023-02-15 16:49:41 | Ok      |       | #0 /Applications/XAMPP/xamppfiles/htdocs/MIS-platform/tools/iTop/web/setup/compiler.class.inc.php(284): SetupUtils::rrmdir(...) | SetupLog |||
2023-02-15 16:49:41 | Ok      |       | #1 /Applications/XAMPP/xamppfiles/htdocs/MIS-platform/tools/iTop/web/setup/applicationinstaller.class.inc.php(619): MFCompiler->Compile(...) | SetupLog |||
2023-02-15 16:49:41 | Ok      |       | #2 /Applications/XAMPP/xamppfiles/htdocs/MIS-platform/tools/iTop/web/setup/applicationinstaller.class.inc.php(289): ApplicationInstaller::DoCompile(...) | SetupLog |||
2023-02-15 16:49:41 | Ok      |       | #3 /Applications/XAMPP/xamppfiles/htdocs/MIS-platform/tools/iTop/web/setup/wizardsteps.class.inc.php(2468): ApplicationInstaller->ExecuteStep(...) | SetupLog |||
2023-02-15 16:49:41 | Ok      |       | #4 /Applications/XAMPP/xamppfiles/htdocs/MIS-platform/tools/itop/web/setup/ajax.dataloader.php(173): WizStepSummary->AsyncAction(...) | SetupLog |||
2023-02-15 16:49:41 | Info    |       | ##### STEP compile duration: 1.4s | SetupLog |||
2023-02-15 16:49:41 | Info    |       | operation 'async_action', peak memory usage. 39743216 | SetupLog |||
2023-02-15 16:52:07 | Info    |       | ##### STEP  start | SetupLog |||
2023-02-15 16:52:07 | Info    |       | ======= Installation starts =======
Parameters:
<?xml version="1.0" encoding="UTF-8"?>
<installation>
  <mode>install</mode>
  <preinstall>
    <copies type="array"/>
  </preinstall>
  <source_dir>datamodels/2.x/</source_dir>
  <datamodel_version>3.0.2</datamodel_version>
  <previous_configuration_file></previous_configuration_file>
  <extensions_dir>extensions</extensions_dir>
  <target_env>production</target_env>
  <workspace_dir></workspace_dir>
  <database>
    <server>localhost</server>
    <user>anamaria</user>
    <pwd>**removed**</pwd>
    <name>Comp6_itop</name>
    <db_tls_enabled></db_tls_enabled>
    <db_tls_ca></db_tls_ca>
    <prefix></prefix>
  </database>
  <url>http://localhost/MIS-platform/tools/itop/web/</url>
  <graphviz_path>/usr/bin/dot</graphviz_path>
  <admin_account>
    <user>anamaria</user>
    <pwd>**removed**</pwd>
    <language>EN US</language>
  </admin_account>
  <language>EN US</language>
  <selected_modules type="array">
    <item>authent-cas</item>
    <item>authent-external</item>
    <item>authent-ldap</item>
    <item>authent-local</item>
    <item>combodo-backoffice-darkmoon-theme</item>
    <item>itop-backup</item>
    <item>itop-config</item>
    <item>itop-files-information</item>
    <item>itop-portal-base</item>
    <item>itop-profiles-itil</item>
    <item>itop-sla-computation</item>
    <item>itop-structure</item>
    <item>itop-welcome-itil</item>
    <item>itop-config-mgmt</item>
    <item>itop-attachments</item>
    <item>itop-tickets</item>
    <item>combodo-db-tools</item>
    <item>combodo-webhook-integration</item>
    <item>itop-core-update</item>
    <item>itop-hub-connector</item>
    <item>itop-oauth-client</item>
    <item>itop-themes-compat</item>
    <item>itop-datacenter-mgmt</item>
    <item>itop-endusers-devices</item>
    <item>itop-storage-mgmt</item>
    <item>itop-virtualization-mgmt</item>
    <item>itop-bridge-virtualization-storage</item>
    <item>itop-service-mgmt</item>
    <item>itop-bridge-cmdb-ticket</item>
    <item>itop-request-mgmt</item>
    <item>itop-portal</item>
    <item>itop-change-mgmt-itil</item>
    <item>itop-faq-light</item>
    <item>itop-knownerror-mgmt</item>
    <item>itop-problem-mgmt</item>
  </selected_modules>
  <selected_extensions type="array">
    <item>itop-config-mgmt-core</item>
    <item>itop-config-mgmt-datacenter</item>
    <item>itop-config-mgmt-end-user</item>
    <item>itop-config-mgmt-storage</item>
    <item>itop-config-mgmt-virtualization</item>
    <item>itop-service-mgmt-enterprise</item>
    <item>itop-ticket-mgmt-simple-ticket</item>
    <item>itop-ticket-mgmt-simple-ticket-enhanced-portal</item>
    <item>itop-change-mgmt-itil</item>
    <item>itop-kown-error-mgmt</item>
    <item>itop-problem-mgmt</item>
  </selected_extensions>
  <sample_data>1</sample_data>
  <old_addon></old_addon>
  <options type="array"/>
  <mysql_bindir></mysql_bindir>
</installation>

 | SetupLog |||
2023-02-15 16:52:07 | Info    |       | ##### STEP  duration: 0.03s | SetupLog |||
2023-02-15 16:52:07 | Info    |       | operation 'async_action', peak memory usage. 18422504 | SetupLog |||
2023-02-15 16:52:08 | Info    |       | ##### STEP copy start | SetupLog |||
2023-02-15 16:52:08 | Info    |       | ##### STEP copy duration: 0.03s | SetupLog |||
2023-02-15 16:52:08 | Info    |       | operation 'async_action', peak memory usage. 18422528 | SetupLog |||
2023-02-15 16:52:08 | Info    |       | ##### STEP compile start | SetupLog |||
2023-02-15 16:52:08 | Info    |       | Compiling data model. | SetupLog |||
2023-02-15 16:52:09 | Error   |       | An exception occurred: Attempting to delete directory: '' at line 716 in file /Applications/XAMPP/xamppfiles/htdocs/MIS-platform/tools/iTop/web/setup/setuputils.class.inc.php | SetupLog |||
2023-02-15 16:52:09 | Ok      |       | Call stack: | SetupLog |||
2023-02-15 16:52:09 | Ok      |       | #0 /Applications/XAMPP/xamppfiles/htdocs/MIS-platform/tools/iTop/web/setup/compiler.class.inc.php(284): SetupUtils::rrmdir(...) | SetupLog |||
2023-02-15 16:52:09 | Ok      |       | #1 /Applications/XAMPP/xamppfiles/htdocs/MIS-platform/tools/iTop/web/setup/applicationinstaller.class.inc.php(619): MFCompiler->Compile(...) | SetupLog |||
2023-02-15 16:52:09 | Ok      |       | #2 /Applications/XAMPP/xamppfiles/htdocs/MIS-platform/tools/iTop/web/setup/applicationinstaller.class.inc.php(289): ApplicationInstaller::DoCompile(...) | SetupLog |||
2023-02-15 16:52:09 | Ok      |       | #3 /Applications/XAMPP/xamppfiles/htdocs/MIS-platform/tools/iTop/web/setup/wizardsteps.class.inc.php(2468): ApplicationInstaller->ExecuteStep(...) | SetupLog |||
2023-02-15 16:52:09 | Ok      |       | #4 /Applications/XAMPP/xamppfiles/htdocs/MIS-platform/tools/itop/web/setup/ajax.dataloader.php(173): WizStepSummary->AsyncAction(...) | SetupLog |||
2023-02-15 16:52:09 | Info    |       | ##### STEP compile duration: 1.41s | SetupLog |||
2023-02-15 16:52:09 | Info    |       | operation 'async_action', peak memory usage. 39743216 | SetupLog |||
2023-02-15 16:57:01 | Info    |       | ##### STEP  start | SetupLog |||
2023-02-15 16:57:01 | Info    |       | ======= Installation starts =======
Parameters:
<?xml version="1.0" encoding="UTF-8"?>
<installation>
  <mode>install</mode>
  <preinstall>
    <copies type="array"/>
  </preinstall>
  <source_dir>datamodels/2.x/</source_dir>
  <datamodel_version>3.0.2</datamodel_version>
  <previous_configuration_file></previous_configuration_file>
  <extensions_dir>extensions</extensions_dir>
  <target_env>production</target_env>
  <workspace_dir></workspace_dir>
  <database>
    <server>localhost</server>
    <user>anamaria</user>
    <pwd>**removed**</pwd>
    <name>Comp6_itop</name>
    <db_tls_enabled></db_tls_enabled>
    <db_tls_ca></db_tls_ca>
    <prefix></prefix>
  </database>
  <url>http://localhost/MIS-platform/tools/itop/web/</url>
  <graphviz_path>/usr/bin/dot</graphviz_path>
  <admin_account>
    <user>anamaria</user>
    <pwd>**removed**</pwd>
    <language>EN US</language>
  </admin_account>
  <language>EN US</language>
  <selected_modules type="array">
    <item>authent-cas</item>
    <item>authent-external</item>
    <item>authent-ldap</item>
    <item>authent-local</item>
    <item>combodo-backoffice-darkmoon-theme</item>
    <item>itop-backup</item>
    <item>itop-config</item>
    <item>itop-files-information</item>
    <item>itop-portal-base</item>
    <item>itop-profiles-itil</item>
    <item>itop-sla-computation</item>
    <item>itop-structure</item>
    <item>itop-welcome-itil</item>
    <item>itop-config-mgmt</item>
    <item>itop-attachments</item>
    <item>itop-tickets</item>
    <item>combodo-db-tools</item>
    <item>combodo-webhook-integration</item>
    <item>itop-core-update</item>
    <item>itop-hub-connector</item>
    <item>itop-oauth-client</item>
    <item>itop-themes-compat</item>
    <item>itop-datacenter-mgmt</item>
    <item>itop-endusers-devices</item>
    <item>itop-storage-mgmt</item>
    <item>itop-virtualization-mgmt</item>
    <item>itop-bridge-virtualization-storage</item>
    <item>itop-service-mgmt</item>
    <item>itop-bridge-cmdb-ticket</item>
    <item>itop-request-mgmt</item>
    <item>itop-portal</item>
    <item>itop-change-mgmt-itil</item>
    <item>itop-faq-light</item>
    <item>itop-knownerror-mgmt</item>
    <item>itop-problem-mgmt</item>
  </selected_modules>
  <selected_extensions type="array">
    <item>itop-config-mgmt-core</item>
    <item>itop-config-mgmt-datacenter</item>
    <item>itop-config-mgmt-end-user</item>
    <item>itop-config-mgmt-storage</item>
    <item>itop-config-mgmt-virtualization</item>
    <item>itop-service-mgmt-enterprise</item>
    <item>itop-ticket-mgmt-simple-ticket</item>
    <item>itop-ticket-mgmt-simple-ticket-enhanced-portal</item>
    <item>itop-change-mgmt-itil</item>
    <item>itop-kown-error-mgmt</item>
    <item>itop-problem-mgmt</item>
  </selected_extensions>
  <sample_data>1</sample_data>
  <old_addon></old_addon>
  <options type="array"/>
  <mysql_bindir></mysql_bindir>
</installation>

 | SetupLog |||
2023-02-15 16:57:01 | Info    |       | ##### STEP  duration: 0.03s | SetupLog |||
2023-02-15 16:57:01 | Info    |       | operation 'async_action', peak memory usage. 18422496 | SetupLog |||
2023-02-15 16:57:01 | Info    |       | ##### STEP copy start | SetupLog |||
2023-02-15 16:57:01 | Info    |       | ##### STEP copy duration: 0.03s | SetupLog |||
2023-02-15 16:57:01 | Info    |       | operation 'async_action', peak memory usage. 18422528 | SetupLog |||
2023-02-15 16:57:01 | Info    |       | ##### STEP compile start | SetupLog |||
2023-02-15 16:57:01 | Info    |       | Compiling data model. | SetupLog |||
2023-02-15 16:57:03 | Error   |       | An exception occurred: Attempting to delete directory: '' at line 716 in file /Applications/XAMPP/xamppfiles/htdocs/MIS-platform/tools/iTop/web/setup/setuputils.class.inc.php | SetupLog |||
2023-02-15 16:57:03 | Ok      |       | Call stack: | SetupLog |||
2023-02-15 16:57:03 | Ok      |       | #0 /Applications/XAMPP/xamppfiles/htdocs/MIS-platform/tools/iTop/web/setup/compiler.class.inc.php(284): SetupUtils::rrmdir(...) | SetupLog |||
2023-02-15 16:57:03 | Ok      |       | #1 /Applications/XAMPP/xamppfiles/htdocs/MIS-platform/tools/iTop/web/setup/applicationinstaller.class.inc.php(619): MFCompiler->Compile(...) | SetupLog |||
2023-02-15 16:57:03 | Ok      |       | #2 /Applications/XAMPP/xamppfiles/htdocs/MIS-platform/tools/iTop/web/setup/applicationinstaller.class.inc.php(289): ApplicationInstaller::DoCompile(...) | SetupLog |||
2023-02-15 16:57:03 | Ok      |       | #3 /Applications/XAMPP/xamppfiles/htdocs/MIS-platform/tools/iTop/web/setup/wizardsteps.class.inc.php(2468): ApplicationInstaller->ExecuteStep(...) | SetupLog |||
2023-02-15 16:57:03 | Ok      |       | #4 /Applications/XAMPP/xamppfiles/htdocs/MIS-platform/tools/itop/web/setup/ajax.dataloader.php(173): WizStepSummary->AsyncAction(...) | SetupLog |||
2023-02-15 16:57:03 | Info    |       | ##### STEP compile duration: 1.38s | SetupLog |||
2023-02-15 16:57:03 | Info    |       | operation 'async_action', peak memory usage. 39743216 | SetupLog |||
