[2023-02-14 12:54:56] glpiphplog.WARNING:   *** PHP User Warning (512): Missing required intl PHP extension in /Applications/XAMPP/xamppfiles/htdocs/MIS-platform/tools/glpi/src/Session.php at line 694
  Backtrace :
  src/Session.php:694                                trigger_error()
  inc/config.php:69                                  Session::loadLanguage()
  inc/includes.php:53                                include_once()
  front/locale.php:41                                include()
  
[2023-02-14 12:55:06] glpiphplog.WARNING: Test logger  
[2023-02-15 13:59:08] glpiphplog.WARNING: Test logger  
[2023-02-15 13:59:18] glpiphplog.WARNING: Test logger  
[2023-02-15 14:00:53] glpiphplog.WARNING:   *** PHP User Warning (512): Missing required intl PHP extension in /Applications/XAMPP/xamppfiles/htdocs/MIS-platform/tools/glpi/src/Session.php at line 694
  Backtrace :
  src/Session.php:694                                trigger_error()
  inc/config.php:69                                  Session::loadLanguage()
  inc/includes.php:53                                include_once()
  front/locale.php:41                                include()
  
[2023-02-15 14:01:00] glpiphplog.WARNING: Test logger  
[2023-02-15 14:06:20] glpiphplog.WARNING: Test logger  
[2023-02-15 15:58:18] glpiphplog.WARNING: Test logger  
[2023-02-15 16:11:15] glpiphplog.WARNING:   *** PHP User Warning (512): Missing required intl PHP extension in /Applications/XAMPP/xamppfiles/htdocs/MIS-platform/tools/glpi/src/Session.php at line 694
  Backtrace :
  src/Session.php:694                                trigger_error()
  inc/config.php:69                                  Session::loadLanguage()
  inc/includes.php:53                                include_once()
  front/locale.php:41                                include()
  
[2023-02-15 16:11:21] glpiphplog.WARNING: Test logger  
[2023-02-15 16:14:41] glpiphplog.WARNING:   *** PHP User Warning (512): Missing required intl PHP extension in /Applications/XAMPP/xamppfiles/htdocs/MIS-platform/tools/glpi/src/Session.php at line 694
  Backtrace :
  src/Session.php:694                                trigger_error()
  inc/config.php:69                                  Session::loadLanguage()
  inc/includes.php:53                                include_once()
  front/locale.php:41                                include()
  
[2023-02-15 16:14:48] glpiphplog.WARNING: Test logger  
